<?xml version="1.0" encoding="UTF-8"?>
<!-- Generated by org.testng.reporters.JUnitXMLReporter -->
<testsuite hostname="LAPTOP-OPR2IDQJ" ignored="0" name="Test" tests="3" failures="0" timestamp="21 Feb 2021 11:16:52 GMT" time="12.691" errors="0">
  <testcase name="homepage" time="4.741" classname="test.TESThomepage"/>
  <testcase name="Addcomputerhomepage" time="4.139" classname="test.TESTaddnewcomputerPage"/>
  <testcase name="Cancelpage" time="3.768" classname="test.TESTcancelbutton"/>
</testsuite> <!-- Test -->
